<?xml version="1.0" encoding="UTF-8"?>
<testsuite name="example.cashcard.CashCardApplicationTests" tests="1" skipped="0" failures="0" errors="0" timestamp="2024-11-15T19:17:17" hostname="DESKTOP-2Q91GI6" time="0.536">
  <properties/>
  <testcase name="contextLoads()" classname="example.cashcard.CashCardApplicationTests" time="0.536"/>
  <system-out><![CDATA[20:17:15.546 [Test worker] INFO org.springframework.test.context.support.AnnotationConfigContextLoaderUtils -- Could not detect default configuration classes for test class [example.cashcard.CashCardApplicationTests]: CashCardApplicationTests does not declare any static, non-private, non-final, nested classes annotated with @Configuration.
20:17:15.613 [Test worker] INFO org.springframework.boot.test.context.SpringBootTestContextBootstrapper -- Found @SpringBootConfiguration example.cashcard.CashCardApplication for test class example.cashcard.CashCardApplicationTests

  .   ____          _            __ _ _
 /\\ / ___'_ __ _ _(_)_ __  __ _ \ \ \ \
( ( )\___ | '_ | '_| | '_ \/ _` | \ \ \ \
 \\/  ___)| |_)| | | | | || (_| |  ) ) ) )
  '  |____| .__|_| |_|_| |_\__, | / / / /
 =========|_|==============|___/=/_/_/_/
 :: Spring Boot ::                (v3.1.4)

2024-11-15T20:17:15.851+01:00  INFO 22852 --- [    Test worker] e.cashcard.CashCardApplicationTests      : Starting CashCardApplicationTests using Java 17.0.12 with PID 22852 (started by Marcin in D:\IDE projects\cashcard)
2024-11-15T20:17:15.852+01:00  INFO 22852 --- [    Test worker] e.cashcard.CashCardApplicationTests      : No active profile set, falling back to 1 default profile: "default"
2024-11-15T20:17:16.170+01:00  INFO 22852 --- [    Test worker] .s.d.r.c.RepositoryConfigurationDelegate : Bootstrapping Spring Data JDBC repositories in DEFAULT mode.
2024-11-15T20:17:16.200+01:00  INFO 22852 --- [    Test worker] .s.d.r.c.RepositoryConfigurationDelegate : Finished Spring Data repository scanning in 26 ms. Found 1 JDBC repository interfaces.
2024-11-15T20:17:16.369+01:00  INFO 22852 --- [    Test worker] o.s.j.d.e.EmbeddedDatabaseFactory        : Starting embedded database: url='jdbc:h2:mem:57405615-ce71-4e85-8b5c-de24125dc6c4;DB_CLOSE_DELAY=-1;DB_CLOSE_ON_EXIT=false', username='sa'
2024-11-15T20:17:17.135+01:00  INFO 22852 --- [    Test worker] e.cashcard.CashCardApplicationTests      : Started CashCardApplicationTests in 1.407 seconds (process running for 2.122)
]]></system-out>
  <system-err><![CDATA[]]></system-err>
</testsuite>
