<?xml version="1.0" encoding="UTF-8"?>
<testsuite name="example.cashcard.CashCardApplicationTests" tests="1" skipped="0" failures="0" errors="0" timestamp="2024-11-08T13:42:22" hostname="DESKTOP-2Q91GI6" time="0.772">
  <properties/>
  <testcase name="shouldReturnASortedPageOfCashCardsWithNoParametersAndUseDefaultValues()" classname="example.cashcard.CashCardApplicationTests" time="0.772"/>
  <system-out><![CDATA[14:42:20.271 [Test worker] INFO org.springframework.test.context.support.AnnotationConfigContextLoaderUtils -- Could not detect default configuration classes for test class [example.cashcard.CashCardApplicationTests]: CashCardApplicationTests does not declare any static, non-private, non-final, nested classes annotated with @Configuration.
14:42:20.372 [Test worker] INFO org.springframework.boot.test.context.SpringBootTestContextBootstrapper -- Found @SpringBootConfiguration example.cashcard.CashCardApplication for test class example.cashcard.CashCardApplicationTests

  .   ____          _            __ _ _
 /\\ / ___'_ __ _ _(_)_ __  __ _ \ \ \ \
( ( )\___ | '_ | '_| | '_ \/ _` | \ \ \ \
 \\/  ___)| |_)| | | | | || (_| |  ) ) ) )
  '  |____| .__|_| |_|_| |_\__, | / / / /
 =========|_|==============|___/=/_/_/_/

 :: Spring Boot ::                (v3.3.5)

2024-11-08T14:42:20.602+01:00  INFO 2004 --- [CashCard] [    Test worker] e.cashcard.CashCardApplicationTests      : Starting CashCardApplicationTests using Java 17.0.12 with PID 2004 (started by Marcin in D:\IDE projects\cashcard)
2024-11-08T14:42:20.603+01:00  INFO 2004 --- [CashCard] [    Test worker] e.cashcard.CashCardApplicationTests      : No active profile set, falling back to 1 default profile: "default"
2024-11-08T14:42:20.972+01:00  INFO 2004 --- [CashCard] [    Test worker] .s.d.r.c.RepositoryConfigurationDelegate : Bootstrapping Spring Data JDBC repositories in DEFAULT mode.
2024-11-08T14:42:21.002+01:00  INFO 2004 --- [CashCard] [    Test worker] .s.d.r.c.RepositoryConfigurationDelegate : Finished Spring Data repository scanning in 27 ms. Found 1 JDBC repository interface.
2024-11-08T14:42:21.291+01:00  INFO 2004 --- [CashCard] [    Test worker] o.s.b.w.embedded.tomcat.TomcatWebServer  : Tomcat initialized with port 0 (http)
2024-11-08T14:42:21.300+01:00  INFO 2004 --- [CashCard] [    Test worker] o.apache.catalina.core.StandardService   : Starting service [Tomcat]
2024-11-08T14:42:21.300+01:00  INFO 2004 --- [CashCard] [    Test worker] o.apache.catalina.core.StandardEngine    : Starting Servlet engine: [Apache Tomcat/10.1.31]
2024-11-08T14:42:21.347+01:00  INFO 2004 --- [CashCard] [    Test worker] o.a.c.c.C.[Tomcat].[localhost].[/]       : Initializing Spring embedded WebApplicationContext
2024-11-08T14:42:21.349+01:00  INFO 2004 --- [CashCard] [    Test worker] w.s.c.ServletWebServerApplicationContext : Root WebApplicationContext: initialization completed in 732 ms
2024-11-08T14:42:21.422+01:00  INFO 2004 --- [CashCard] [    Test worker] o.s.j.d.e.EmbeddedDatabaseFactory        : Starting embedded database: url='jdbc:h2:mem:5e005bb0-fd3f-4fd2-b7b0-fa898a93339c;DB_CLOSE_DELAY=-1;DB_CLOSE_ON_EXIT=false', username='sa'
2024-11-08T14:42:22.061+01:00  INFO 2004 --- [CashCard] [    Test worker] o.s.b.w.embedded.tomcat.TomcatWebServer  : Tomcat started on port 59138 (http) with context path '/'
2024-11-08T14:42:22.067+01:00  INFO 2004 --- [CashCard] [    Test worker] e.cashcard.CashCardApplicationTests      : Started CashCardApplicationTests in 1.607 seconds (process running for 2.351)
2024-11-08T14:42:22.657+01:00  INFO 2004 --- [CashCard] [o-auto-1-exec-2] o.a.c.c.C.[Tomcat].[localhost].[/]       : Initializing Spring DispatcherServlet 'dispatcherServlet'
2024-11-08T14:42:22.657+01:00  INFO 2004 --- [CashCard] [o-auto-1-exec-2] o.s.web.servlet.DispatcherServlet        : Initializing Servlet 'dispatcherServlet'
2024-11-08T14:42:22.658+01:00  INFO 2004 --- [CashCard] [o-auto-1-exec-2] o.s.web.servlet.DispatcherServlet        : Completed initialization in 1 ms
2024-11-08T14:42:22.840+01:00  INFO 2004 --- [CashCard] [    Test worker] o.s.j.d.e.EmbeddedDatabaseFactory        : Shutting down embedded database: url='jdbc:h2:mem:5e005bb0-fd3f-4fd2-b7b0-fa898a93339c;DB_CLOSE_DELAY=-1;DB_CLOSE_ON_EXIT=false'
]]></system-out>
  <system-err><![CDATA[]]></system-err>
</testsuite>
